<?xml version="1.0" encoding="UTF-8"?>
<!-- Generated by org.testng.reporters.JUnitReportReporter -->
<testsuite hostname="CHNMCT113992L" name="Batch.MasterScript" tests="1" failures="0" timestamp="5 Aug 2015 13:23:13 GMT" time="369.737" errors="0">
  <testcase name="fnTestMain" time="369.737" classname="Batch.MasterScript"/>
</testsuite> <!-- Batch.MasterScript -->
