<?xml version="1.0" encoding="UTF-8"?>
<!-- Generated by org.testng.reporters.JUnitReportReporter -->
<testsuite hostname="CHNMCT113992L" name="dataStore.testing" tests="1" failures="0" timestamp="2 Aug 2014 07:15:00 GMT" time="56.492" errors="0">
  <testcase name="testsampleData" time="56.492" classname="dataStore.testing"/>
</testsuite> <!-- dataStore.testing -->
