<?xml version="1.0" encoding="UTF-8"?>
<!-- Generated by org.testng.reporters.JUnitReportReporter -->
<testsuite hostname="CHNMCT113992L" name="dataStore.dataStore" tests="1" failures="0" timestamp="2 Aug 2014 04:34:19 GMT" time="234.063" errors="0">
  <testcase name="testsampleData" time="234.063" classname="dataStore.dataStore"/>
</testsuite> <!-- dataStore.dataStore -->
