<?xml version="1.0" encoding="UTF-8"?>
<!-- Generated by org.testng.reporters.JUnitReportReporter -->
<testsuite hostname="CHNMCT113992L" name="Batch.MasterScript" tests="1" failures="0" timestamp="7 Aug 2015 08:14:17 GMT" time="296.290" errors="0">
  <testcase name="fnTestMain" time="296.290" classname="Batch.MasterScript"/>
</testsuite> <!-- Batch.MasterScript -->
