<?xml version="1.0" encoding="UTF-8"?>
<!-- Generated by org.testng.reporters.JUnitReportReporter -->
<testsuite hostname="CHNMCT113992L" name="Batch.MasterScript" tests="1" failures="0" timestamp="24 Jul 2015 12:45:42 GMT" time="309.185" errors="0">
  <testcase name="fnTestMain" time="309.185" classname="Batch.MasterScript"/>
</testsuite> <!-- Batch.MasterScript -->
