<?xml version="1.0" encoding="UTF-8"?>
<!-- Generated by org.testng.reporters.JUnitReportReporter -->
<testsuite hostname="CHNMCT113992L" name="dataStore.test" tests="1" failures="0" timestamp="31 Jul 2014 06:49:41 GMT" time="0.016" errors="0">
  <testcase name="AssignMap" time="0.016" classname="dataStore.test"/>
</testsuite> <!-- dataStore.test -->
